[ 2024-12-06 18:12:10,759 ] 21 root - INFO - Data Ingestion started
[ 2024-12-06 18:12:10,979 ] 28 root - INFO - Data Readed as DataFrame
[ 2024-12-06 18:12:10,979 ] 30 root - INFO - Extracting only Text from Data
[ 2024-12-06 18:12:11,085 ] 40 root - INFO - Text Extracted from data
[ 2024-12-06 18:12:11,085 ] 42 root - INFO - DataIngestion Completed
[ 2024-12-06 18:12:11,590 ] 31 root - INFO - Data Transformation started
[ 2024-12-06 18:12:11,590 ] 32 root - INFO - Loading text data
[ 2024-12-06 18:12:11,652 ] 36 root - INFO - Data Loaded
[ 2024-12-06 18:12:11,652 ] 44 root - INFO - Extracting Tokens and POS Tags
[ 2024-12-06 18:22:27,406 ] 64 root - INFO - Tokens and POS Tags Extracted
[ 2024-12-06 18:39:16,349 ] 70 root - INFO - Padding the sequences
[ 2024-12-06 18:39:16,871 ] 84 root - INFO - Saving word_to_index and index_to_tag
[ 2024-12-06 18:39:16,871 ] 49 root - INFO - Saving Files
[ 2024-12-06 18:39:16,973 ] 49 root - INFO - Saving Files
[ 2024-12-06 18:39:16,973 ] 90 root - INFO - Splitting the Data
[ 2024-12-06 18:39:17,195 ] 98 root - INFO - Data Transformation Completed
[ 2024-12-06 18:39:17,310 ] 20 root - INFO - Model Training started
[ 2024-12-06 18:39:17,310 ] 40 root - INFO - Loading Files
[ 2024-12-06 18:39:17,341 ] 40 root - INFO - Loading Files
[ 2024-12-06 18:49:14,082 ] 51 root - INFO - Model Training Finished
[ 2024-12-06 18:49:24,491 ] 57 root - INFO - Accuracy Achieved:0.9930510520935059 Loss:0.020906461402773857
